TN:
SF:src/polyfills.ts
FNF:0
FNH:0
LF:0
LH:0
BRF:0
BRH:0
end_of_record
TN:
SF:src/test.ts
FNF:0
FNH:0
DA:13,1
DA:18,1
DA:20,1
LF:3
LH:3
BRF:0
BRH:0
end_of_record
TN:
SF:src/app/app.component.ts
FN:12,(anonymous_0)
FN:14,(anonymous_1)
FN:22,(anonymous_2)
FN:29,(anonymous_3)
FNF:4
FNH:4
FNDA:6,(anonymous_0)
FNDA:6,(anonymous_1)
FNDA:6,(anonymous_2)
FNDA:2,(anonymous_3)
DA:11,1
DA:12,6
DA:15,6
DA:18,6
DA:23,6
DA:25,6
DA:30,2
DA:31,1
DA:33,1
LF:9
LH:9
BRDA:30,0,0,1
BRDA:30,0,1,1
BRF:2
BRH:2
end_of_record
TN:
SF:src/app/components/dashboard/dashboard.component.ts
FN:10,(anonymous_0)
FN:12,(anonymous_1)
FNF:2
FNH:2
FNDA:1,(anonymous_0)
FNDA:1,(anonymous_1)
DA:8,1
LF:1
LH:1
BRF:0
BRH:0
end_of_record
TN:
SF:src/app/components/header/header.component.ts
FN:12,(anonymous_0)
FN:17,(anonymous_1)
FN:14,(anonymous_2)
FNF:3
FNH:3
FNDA:12,(anonymous_0)
FNDA:1,(anonymous_1)
FNDA:12,(anonymous_2)
DA:8,1
DA:10,12
DA:17,12
DA:18,1
LF:4
LH:4
BRF:0
BRH:0
end_of_record
TN:
SF:src/app/components/measurement/measurement.component.ts
FN:22,(anonymous_0)
FN:41,(anonymous_1)
FN:45,(anonymous_2)
FN:47,(anonymous_3)
FN:24,(anonymous_4)
FN:28,(anonymous_5)
FN:32,(anonymous_6)
FN:54,(anonymous_7)
FNF:8
FNH:8
FNDA:16,(anonymous_0)
FNDA:1,(anonymous_1)
FNDA:16,(anonymous_2)
FNDA:16,(anonymous_3)
FNDA:16,(anonymous_4)
FNDA:16,(anonymous_5)
FNDA:2,(anonymous_6)
FNDA:2,(anonymous_7)
DA:12,1
DA:14,16
DA:15,16
DA:18,16
DA:22,16
DA:25,16
DA:29,16
DA:33,2
DA:34,2
DA:35,2
DA:36,2
DA:37,1
DA:41,16
DA:42,1
DA:45,16
DA:46,16
DA:48,16
DA:49,16
DA:50,16
DA:55,2
DA:56,1
DA:57,1
DA:58,1
DA:59,1
LF:24
LH:24
BRDA:36,0,0,1
BRDA:36,0,1,1
BRDA:55,1,0,1
BRDA:55,1,1,1
BRF:4
BRH:4
end_of_record
TN:
SF:src/app/components/sidenav-list/sidenav-list.component.ts
FN:11,(anonymous_0)
FN:16,(anonymous_1)
FN:13,(anonymous_2)
FNF:3
FNH:3
FNDA:13,(anonymous_0)
FNDA:1,(anonymous_1)
FNDA:13,(anonymous_2)
DA:8,1
DA:10,13
DA:16,13
DA:17,1
LF:4
LH:4
BRF:0
BRH:0
end_of_record
TN:
SF:src/app/material/material.module.ts
FNF:0
FNH:0
DA:68,1
LF:1
LH:1
BRF:0
BRH:0
end_of_record
TN:
SF:src/app/services/measurement.service.ts
FN:9,(anonymous_0)
FN:11,(anonymous_1)
FNF:2
FNH:2
FNDA:2,(anonymous_0)
FNDA:1,(anonymous_1)
DA:7,1
DA:8,2
DA:9,2
DA:12,1
LF:4
LH:4
BRF:0
BRH:0
end_of_record
