TN:
SF:src/polyfills.ts
FNF:0
FNH:0
LF:0
LH:0
BRF:0
BRH:0
end_of_record
TN:
SF:src/test.ts
FNF:0
FNH:0
DA:13,1
DA:18,1
DA:20,1
LF:3
LH:3
BRF:0
BRH:0
end_of_record
TN:
SF:src/app/app.component.ts
FN:12,(anonymous_0)
FN:14,(anonymous_1)
FN:21,(anonymous_2)
FN:35,(anonymous_3)
FN:45,(anonymous_4)
FNF:5
FNH:3
FNDA:2,(anonymous_0)
FNDA:1,(anonymous_1)
FNDA:1,(anonymous_2)
FNDA:0,(anonymous_3)
FNDA:0,(anonymous_4)
DA:11,1
DA:12,2
DA:15,1
DA:18,2
DA:22,1
DA:23,1
DA:25,0
DA:28,1
DA:31,1
DA:36,0
DA:38,0
DA:41,0
DA:46,0
DA:47,0
DA:48,0
DA:50,0
LF:16
LH:8
BRDA:23,0,0,0
BRDA:23,0,1,1
BRDA:36,1,0,0
BRDA:36,1,1,0
BRDA:46,2,0,0
BRDA:46,2,1,0
BRDA:46,2,2,0
BRDA:47,3,0,0
BRDA:47,3,1,0
BRF:9
BRH:1
end_of_record
TN:
SF:src/app/components/dashboard/dashboard.component.ts
FN:10,(anonymous_0)
FN:12,(anonymous_1)
FNF:2
FNH:2
FNDA:1,(anonymous_0)
FNDA:1,(anonymous_1)
DA:8,1
LF:1
LH:1
BRF:0
BRH:0
end_of_record
TN:
SF:src/app/components/header/header.component.ts
FN:12,(anonymous_0)
FN:17,(anonymous_1)
FN:14,(anonymous_2)
FNF:3
FNH:2
FNDA:1,(anonymous_0)
FNDA:0,(anonymous_1)
FNDA:1,(anonymous_2)
DA:8,1
DA:10,1
DA:17,1
DA:18,0
LF:4
LH:3
BRF:0
BRH:0
end_of_record
TN:
SF:src/app/components/measurement/measurement.component.ts
FN:22,(anonymous_0)
FN:41,(anonymous_1)
FN:45,(anonymous_2)
FN:47,(anonymous_3)
FN:24,(anonymous_4)
FN:28,(anonymous_5)
FN:32,(anonymous_6)
FN:55,(anonymous_7)
FNF:8
FNH:4
FNDA:1,(anonymous_0)
FNDA:0,(anonymous_1)
FNDA:1,(anonymous_2)
FNDA:0,(anonymous_3)
FNDA:1,(anonymous_4)
FNDA:1,(anonymous_5)
FNDA:0,(anonymous_6)
FNDA:0,(anonymous_7)
DA:12,1
DA:14,1
DA:15,1
DA:18,1
DA:22,1
DA:25,1
DA:29,1
DA:33,0
DA:34,0
DA:35,0
DA:36,0
DA:37,0
DA:41,1
DA:42,0
DA:45,1
DA:46,1
DA:49,0
DA:50,0
DA:51,0
DA:56,0
DA:57,0
DA:58,0
DA:59,0
DA:60,0
LF:24
LH:10
BRDA:36,0,0,0
BRDA:36,0,1,0
BRDA:56,1,0,0
BRDA:56,1,1,0
BRF:4
BRH:0
end_of_record
TN:
SF:src/app/components/sidenav-list/sidenav-list.component.ts
FN:11,(anonymous_0)
FN:16,(anonymous_1)
FN:13,(anonymous_2)
FNF:3
FNH:2
FNDA:1,(anonymous_0)
FNDA:0,(anonymous_1)
FNDA:1,(anonymous_2)
DA:8,1
DA:10,1
DA:16,1
DA:17,0
LF:4
LH:3
BRF:0
BRH:0
end_of_record
TN:
SF:src/app/services/measurement.service.ts
FN:10,(anonymous_0)
FN:12,(anonymous_1)
FNF:2
FNH:2
FNDA:2,(anonymous_0)
FNDA:1,(anonymous_1)
DA:7,1
DA:9,2
DA:10,2
DA:13,1
LF:4
LH:4
BRF:0
BRH:0
end_of_record
